<?xml version="1.0" encoding="UTF-8"?>
<!-- Generated by org.testng.reporters.JUnitXMLReporter -->
<testsuite ignored="0" hostname="LAPTOP-113A42CI" failures="0" tests="7" name="Test" time="113.3" errors="0" timestamp="2023-09-04T02:52:47 IST">
  <testcase classname="com.magento.testcases.HomePageTest" name="validateTitle" time="0.201"/>
  <testcase classname="com.magento.testcases.RegistrationPageTest" name="registration" time="4.479"/>
  <testcase classname="com.magento.testcases.MyAccountPageTest" name="validateNavUserName" time="2.215"/>
  <testcase classname="com.magento.testcases.SignInPageTest" name="validateUserName" time="5.096"/>
  <testcase classname="com.magento.testcases.HomePageTest" name="navigateToRegistrationPage" time="2.27"/>
  <testcase classname="com.magento.testcases.MyAccountPageTest" name="validateContactInfo" time="2.779"/>
  <testcase classname="com.magento.testcases.SalePageTest" name="verifyTees" time="0.355"/>
</testsuite> <!-- Test -->
