<?xml version="1.0" encoding="UTF-8"?>
<testng-results ignored="0" total="1" passed="1" failed="0" skipped="0">
  <reporter-output>
  </reporter-output>
  <suite started-at="2023-08-16T10:25:29 IST" name="Default suite" finished-at="2023-08-16T10:25:47 IST" duration-ms="18473">
    <groups>
    </groups>
    <test started-at="2023-08-16T10:25:29 IST" name="Default test" finished-at="2023-08-16T10:25:47 IST" duration-ms="18473">
      <class name="com.magento.testcases.SalePageTest">
        <test-method is-config="true" signature="setup()[pri:0, instance:com.magento.testcases.SalePageTest@6cf0e0ba]" started-at="2023-08-16T10:25:29 IST" name="setup" finished-at="2023-08-16T10:25:47 IST" duration-ms="17902" status="PASS">
          <reporter-output>
          </reporter-output>
        </test-method> <!-- setup -->
        <test-method signature="verifyTees()[pri:1, instance:com.magento.testcases.SalePageTest@6cf0e0ba]" started-at="2023-08-16T10:25:47 IST" name="verifyTees" finished-at="2023-08-16T10:25:47 IST" duration-ms="375" status="PASS">
          <reporter-output>
          </reporter-output>
        </test-method> <!-- verifyTees -->
      </class> <!-- com.magento.testcases.SalePageTest -->
    </test> <!-- Default test -->
  </suite> <!-- Default suite -->
</testng-results>
