<?xml version="1.0" encoding="UTF-8"?>
<testng-results ignored="0" total="7" passed="7" failed="0" skipped="0">
  <reporter-output>
  </reporter-output>
  <suite started-at="2023-09-04T02:50:53 IST" name="Suite" finished-at="2023-09-04T02:52:47 IST" duration-ms="113300">
    <groups>
    </groups>
    <test started-at="2023-09-04T02:50:53 IST" name="Test" finished-at="2023-09-04T02:52:47 IST" duration-ms="113300">
      <class name="com.magento.testcases.RegistrationPageTest">
        <test-method is-config="true" signature="setup()[pri:0, instance:com.magento.testcases.RegistrationPageTest@38d8f54a]" started-at="2023-09-04T02:50:53 IST" name="setup" finished-at="2023-09-04T02:51:50 IST" duration-ms="57072" status="PASS">
          <reporter-output>
          </reporter-output>
        </test-method> <!-- setup -->
        <test-method signature="registration()[pri:1, instance:com.magento.testcases.RegistrationPageTest@38d8f54a]" started-at="2023-09-04T02:51:50 IST" name="registration" finished-at="2023-09-04T02:51:55 IST" duration-ms="4479" status="PASS">
          <reporter-output>
          </reporter-output>
        </test-method> <!-- registration -->
        <test-method is-config="true" signature="teardown()[pri:0, instance:com.magento.testcases.RegistrationPageTest@38d8f54a]" started-at="2023-09-04T02:51:55 IST" name="teardown" finished-at="2023-09-04T02:51:55 IST" duration-ms="346" status="PASS">
          <reporter-output>
          </reporter-output>
        </test-method> <!-- teardown -->
      </class> <!-- com.magento.testcases.RegistrationPageTest -->
      <class name="com.magento.testcases.SalePageTest">
        <test-method is-config="true" signature="setup()[pri:0, instance:com.magento.testcases.SalePageTest@5fe94a96]" started-at="2023-09-04T02:50:53 IST" name="setup" finished-at="2023-09-04T02:52:46 IST" duration-ms="112665" status="PASS">
          <reporter-output>
          </reporter-output>
        </test-method> <!-- setup -->
        <test-method signature="verifyTees()[pri:1, instance:com.magento.testcases.SalePageTest@5fe94a96]" started-at="2023-09-04T02:52:46 IST" name="verifyTees" finished-at="2023-09-04T02:52:46 IST" duration-ms="355" status="PASS">
          <reporter-output>
          </reporter-output>
        </test-method> <!-- verifyTees -->
        <test-method is-config="true" signature="teardown()[pri:0, instance:com.magento.testcases.SalePageTest@5fe94a96]" started-at="2023-09-04T02:52:46 IST" name="teardown" finished-at="2023-09-04T02:52:47 IST" duration-ms="184" status="PASS">
          <reporter-output>
          </reporter-output>
        </test-method> <!-- teardown -->
      </class> <!-- com.magento.testcases.SalePageTest -->
      <class name="com.magento.testcases.HomePageTest">
        <test-method is-config="true" signature="setup()[pri:0, instance:com.magento.testcases.HomePageTest@639c2c1d]" started-at="2023-09-04T02:50:53 IST" name="setup" finished-at="2023-09-04T02:51:45 IST" duration-ms="51354" status="PASS">
          <reporter-output>
          </reporter-output>
        </test-method> <!-- setup -->
        <test-method signature="validateTitle()[pri:1, instance:com.magento.testcases.HomePageTest@639c2c1d]" started-at="2023-09-04T02:51:45 IST" name="validateTitle" finished-at="2023-09-04T02:51:45 IST" duration-ms="201" status="PASS">
          <reporter-output>
          </reporter-output>
        </test-method> <!-- validateTitle -->
        <test-method is-config="true" signature="teardown()[pri:0, instance:com.magento.testcases.HomePageTest@639c2c1d]" started-at="2023-09-04T02:51:45 IST" name="teardown" finished-at="2023-09-04T02:51:45 IST" duration-ms="223" status="PASS">
          <reporter-output>
          </reporter-output>
        </test-method> <!-- teardown -->
        <test-method is-config="true" signature="setup()[pri:0, instance:com.magento.testcases.HomePageTest@639c2c1d]" started-at="2023-09-04T02:51:45 IST" name="setup" finished-at="2023-09-04T02:52:21 IST" duration-ms="36202" status="PASS">
          <reporter-output>
          </reporter-output>
        </test-method> <!-- setup -->
        <test-method signature="navigateToRegistrationPage()[pri:2, instance:com.magento.testcases.HomePageTest@639c2c1d]" started-at="2023-09-04T02:52:21 IST" name="navigateToRegistrationPage" finished-at="2023-09-04T02:52:24 IST" duration-ms="2270" status="PASS">
          <reporter-output>
          </reporter-output>
        </test-method> <!-- navigateToRegistrationPage -->
        <test-method is-config="true" signature="teardown()[pri:0, instance:com.magento.testcases.HomePageTest@639c2c1d]" started-at="2023-09-04T02:52:24 IST" name="teardown" finished-at="2023-09-04T02:52:24 IST" duration-ms="151" status="PASS">
          <reporter-output>
          </reporter-output>
        </test-method> <!-- teardown -->
      </class> <!-- com.magento.testcases.HomePageTest -->
      <class name="com.magento.testcases.MyAccountPageTest">
        <test-method is-config="true" signature="setup()[pri:0, instance:com.magento.testcases.MyAccountPageTest@443118b0]" started-at="2023-09-04T02:50:53 IST" name="setup" finished-at="2023-09-04T02:52:03 IST" duration-ms="69559" status="PASS">
          <reporter-output>
          </reporter-output>
        </test-method> <!-- setup -->
        <test-method signature="validateNavUserName()[pri:1, instance:com.magento.testcases.MyAccountPageTest@443118b0]" started-at="2023-09-04T02:52:03 IST" name="validateNavUserName" finished-at="2023-09-04T02:52:05 IST" duration-ms="2215" status="PASS">
          <reporter-output>
          </reporter-output>
        </test-method> <!-- validateNavUserName -->
        <test-method is-config="true" signature="teardown()[pri:0, instance:com.magento.testcases.MyAccountPageTest@443118b0]" started-at="2023-09-04T02:52:05 IST" name="teardown" finished-at="2023-09-04T02:52:06 IST" duration-ms="385" status="PASS">
          <reporter-output>
          </reporter-output>
        </test-method> <!-- teardown -->
        <test-method is-config="true" signature="setup()[pri:0, instance:com.magento.testcases.MyAccountPageTest@443118b0]" started-at="2023-09-04T02:52:06 IST" name="setup" finished-at="2023-09-04T02:52:33 IST" duration-ms="27349" status="PASS">
          <reporter-output>
          </reporter-output>
        </test-method> <!-- setup -->
        <test-method signature="validateContactInfo()[pri:2, instance:com.magento.testcases.MyAccountPageTest@443118b0]" started-at="2023-09-04T02:52:33 IST" name="validateContactInfo" finished-at="2023-09-04T02:52:36 IST" duration-ms="2779" status="PASS">
          <reporter-output>
          </reporter-output>
        </test-method> <!-- validateContactInfo -->
        <test-method is-config="true" signature="teardown()[pri:0, instance:com.magento.testcases.MyAccountPageTest@443118b0]" started-at="2023-09-04T02:52:36 IST" name="teardown" finished-at="2023-09-04T02:52:36 IST" duration-ms="382" status="PASS">
          <reporter-output>
          </reporter-output>
        </test-method> <!-- teardown -->
      </class> <!-- com.magento.testcases.MyAccountPageTest -->
      <class name="com.magento.testcases.SignInPageTest">
        <test-method is-config="true" signature="setup()[pri:0, instance:com.magento.testcases.SignInPageTest@765d7657]" started-at="2023-09-04T02:50:53 IST" name="setup" finished-at="2023-09-04T02:52:12 IST" duration-ms="78253" status="PASS">
          <reporter-output>
          </reporter-output>
        </test-method> <!-- setup -->
        <test-method signature="validateUserName()[pri:1, instance:com.magento.testcases.SignInPageTest@765d7657]" started-at="2023-09-04T02:52:12 IST" name="validateUserName" finished-at="2023-09-04T02:52:17 IST" duration-ms="5096" status="PASS">
          <reporter-output>
          </reporter-output>
        </test-method> <!-- validateUserName -->
        <test-method is-config="true" signature="teardown()[pri:0, instance:com.magento.testcases.SignInPageTest@765d7657]" started-at="2023-09-04T02:52:17 IST" name="teardown" finished-at="2023-09-04T02:52:18 IST" duration-ms="755" status="PASS">
          <reporter-output>
          </reporter-output>
        </test-method> <!-- teardown -->
      </class> <!-- com.magento.testcases.SignInPageTest -->
    </test> <!-- Test -->
  </suite> <!-- Suite -->
</testng-results>
